2019-12-07 17:08:43,304 [Worker-11: Loading available Gradle versions] INFO  o.e.b.c.i.u.g.PublishedGradleVersions - Gradle version information cache is up-to-date. Trying to read.
2019-12-07 17:25:43,682 [Worker-16: Importing Maven projects] INFO  o.e.m.c.i.l.LifecycleMappingFactory - Using org.eclipse.m2e.jdt.JarLifecycleMapping lifecycle mapping for MavenProject: com.ailab:protobuilder:0.0.1-SNAPSHOT @ /u/animesh9/Desktop/gRPC/ProtoBuilder/pom.xml.
2019-12-07 17:25:44,938 [Worker-16: Importing Maven projects] INFO  o.e.m.c.i.embedder.EclipseLogger - Skipping compilation because build context has no changes.
2019-12-07 17:25:44,942 [Worker-16: Importing Maven projects] INFO  o.e.m.c.i.embedder.EclipseLogger - Skipping compilation because build context has no changes.
2019-12-07 17:25:45,506 [Worker-16: Importing Maven projects] INFO  o.e.m.j.i.AbstractJavaProjectConfigurator - Adding source folder /protobuilder/src
2019-12-07 17:25:45,506 [Worker-16: Importing Maven projects] INFO  o.e.m.j.i.AbstractJavaProjectConfigurator - Adding source folder /protobuilder/target/generated-sources/protobuf/java
2019-12-07 17:25:45,506 [Worker-16: Importing Maven projects] INFO  o.e.m.j.i.AbstractJavaProjectConfigurator - Adding source folder /protobuilder/target/generated-sources/protobuf/grpc-java
2019-12-07 17:25:45,507 [Worker-16: Importing Maven projects] INFO  o.e.m.j.i.AbstractJavaProjectConfigurator - Resources folder /protobuilder/src/main/resources overlaps with sources folder /protobuilder/src/main/resources
2019-12-07 17:25:45,507 [Worker-16: Importing Maven projects] INFO  o.e.m.j.i.AbstractJavaProjectConfigurator - Resources folder /protobuilder/src/main/proto overlaps with sources folder /protobuilder/src
2019-12-07 17:25:45,507 [Worker-16: Importing Maven projects] INFO  o.e.m.j.i.AbstractJavaProjectConfigurator - Resources folder /protobuilder/src/main/proto overlaps with sources folder /protobuilder/src
2019-12-07 17:25:45,507 [Worker-16: Importing Maven projects] INFO  o.e.m.j.i.AbstractJavaProjectConfigurator - Adding source folder /protobuilder/src/test/java
2019-12-07 17:25:45,507 [Worker-16: Importing Maven projects] INFO  o.e.m.j.i.AbstractJavaProjectConfigurator - Resources folder /protobuilder/src/test/resources overlaps with sources folder /protobuilder/src/test/resources
2019-12-07 17:25:45,559 [Worker-16: Importing Maven projects] INFO  o.e.m.c.i.p.ProjectConfigurationManager - Imported and configured 1 project(s) in 4 sec
2019-12-07 17:25:46,611 [Worker-7: Building workspace] WARN  o.e.m.c.i.embedder.EclipseLogger - Using platform encoding (UTF-8 actually) to copy filtered resources, i.e. build is platform dependent!
2019-12-07 17:25:46,614 [Worker-7: Building workspace] INFO  o.e.m.c.i.embedder.EclipseLogger - Copying 0 resource
2019-12-07 17:25:46,617 [Worker-7: Building workspace] WARN  o.e.m.c.i.embedder.EclipseLogger - Using platform encoding (UTF-8 actually) to copy filtered resources, i.e. build is platform dependent!
2019-12-07 17:25:46,619 [Worker-7: Building workspace] INFO  o.e.m.c.i.embedder.EclipseLogger - Copying 0 resource
2019-12-07 17:30:11,309 [Worker-16: Building workspace] INFO  o.e.m.c.i.embedder.EclipseLogger - No proto files to compile.
2019-12-07 17:30:11,313 [Worker-16: Building workspace] INFO  o.e.m.c.i.embedder.EclipseLogger - No proto files to compile.
2019-12-07 17:30:11,314 [Worker-16: Building workspace] WARN  o.e.m.c.i.embedder.EclipseLogger - Using platform encoding (UTF-8 actually) to copy filtered resources, i.e. build is platform dependent!
2019-12-07 17:30:11,321 [Worker-16: Building workspace] INFO  o.e.m.c.i.embedder.EclipseLogger - Copying 0 resource
2019-12-07 17:30:11,322 [Worker-16: Building workspace] WARN  o.e.m.c.i.embedder.EclipseLogger - Using platform encoding (UTF-8 actually) to copy filtered resources, i.e. build is platform dependent!
2019-12-07 17:30:11,324 [Worker-16: Building workspace] INFO  o.e.m.c.i.embedder.EclipseLogger - Copying 0 resource
2019-12-07 17:30:24,947 [Worker-7: Building workspace] WARN  o.e.m.c.i.embedder.EclipseLogger - Using platform encoding (UTF-8 actually) to copy filtered resources, i.e. build is platform dependent!
2019-12-07 17:30:24,949 [Worker-7: Building workspace] INFO  o.e.m.c.i.embedder.EclipseLogger - Copying 0 resource
2019-12-07 17:30:24,951 [Worker-7: Building workspace] WARN  o.e.m.c.i.embedder.EclipseLogger - Using platform encoding (UTF-8 actually) to copy filtered resources, i.e. build is platform dependent!
2019-12-07 17:30:24,952 [Worker-7: Building workspace] INFO  o.e.m.c.i.embedder.EclipseLogger - Copying 0 resource
2019-12-07 17:30:29,293 [main] INFO  o.e.m2e.actions.ExecutePomAction - Creating new launch configuration
2019-12-07 17:30:35,165 [Worker-15: Launching ProtoBuilder] INFO  o.e.m.i.launch.MavenLaunchDelegate - /u/animesh9/Desktop/gRPC/ProtoBuilder
2019-12-07 17:30:35,166 [Worker-15: Launching ProtoBuilder] INFO  o.e.m.i.launch.MavenLaunchDelegate -  mvn -B clean install
2019-12-07 17:30:58,978 [Worker-20: Building workspace] INFO  o.e.m.c.i.embedder.EclipseLogger - Skipping compilation because build context has no changes.
2019-12-07 17:30:58,982 [Worker-20: Building workspace] INFO  o.e.m.c.i.embedder.EclipseLogger - Skipping compilation because build context has no changes.
2019-12-07 17:30:58,984 [Worker-20: Building workspace] WARN  o.e.m.c.i.embedder.EclipseLogger - Using platform encoding (UTF-8 actually) to copy filtered resources, i.e. build is platform dependent!
2019-12-07 17:30:58,986 [Worker-20: Building workspace] INFO  o.e.m.c.i.embedder.EclipseLogger - Copying 0 resource
2019-12-07 17:30:58,987 [Worker-20: Building workspace] INFO  o.e.m.c.i.embedder.EclipseLogger - Copying 2 resources
2019-12-07 17:30:58,992 [Worker-20: Building workspace] INFO  o.e.m.c.i.embedder.EclipseLogger - Copying 2 resources
2019-12-07 17:30:58,993 [Worker-20: Building workspace] WARN  o.e.m.c.i.embedder.EclipseLogger - Using platform encoding (UTF-8 actually) to copy filtered resources, i.e. build is platform dependent!
2019-12-07 17:30:58,995 [Worker-20: Building workspace] INFO  o.e.m.c.i.embedder.EclipseLogger - Copying 0 resource
2019-12-07 18:22:07,929 [Worker-3: Loading available Gradle versions] INFO  o.e.b.c.i.u.g.PublishedGradleVersions - Gradle version information cache is up-to-date. Trying to read.
2019-12-07 18:22:15,111 [Worker-11: Building workspace] WARN  o.e.m.c.i.embedder.EclipseLogger - Using platform encoding (UTF-8 actually) to copy filtered resources, i.e. build is platform dependent!
2019-12-07 18:22:15,143 [Worker-11: Building workspace] INFO  o.e.m.c.i.embedder.EclipseLogger - Copying 0 resource
2019-12-07 18:22:15,234 [Worker-11: Building workspace] WARN  o.e.m.c.i.embedder.EclipseLogger - Using platform encoding (UTF-8 actually) to copy filtered resources, i.e. build is platform dependent!
2019-12-07 18:22:15,236 [Worker-11: Building workspace] INFO  o.e.m.c.i.embedder.EclipseLogger - Copying 0 resource
2019-12-08 20:40:40,528 [Worker-7: Loading available Gradle versions] INFO  o.e.b.c.i.u.g.PublishedGradleVersions - Gradle version information cache is out-of-date. Trying to update.
2019-12-08 20:40:47,211 [Worker-10: Building workspace] WARN  o.e.m.c.i.embedder.EclipseLogger - Using platform encoding (UTF-8 actually) to copy filtered resources, i.e. build is platform dependent!
2019-12-08 20:40:47,223 [Worker-10: Building workspace] INFO  o.e.m.c.i.embedder.EclipseLogger - Copying 0 resource
2019-12-08 20:40:47,226 [Worker-10: Building workspace] WARN  o.e.m.c.i.embedder.EclipseLogger - Using platform encoding (UTF-8 actually) to copy filtered resources, i.e. build is platform dependent!
2019-12-08 20:40:47,233 [Worker-10: Building workspace] INFO  o.e.m.c.i.embedder.EclipseLogger - Copying 0 resource
