[2019-12-08 20:40:47.841] [exthost] [info] extension host started
[2019-12-08 20:40:48.420] [exthost] [info] extension host started
[2019-12-08 20:40:48.467] [exthost] [info] ExtensionService#_doActivateExtension HookyQR.beautify {"startup":true,"activationEvent":"*"}
[2019-12-08 20:40:48.467] [exthost] [info] ExtensionService#loadCommonJSModule /u/animesh9/.eclipse/org.eclipse.platform_4.12.0_307433395_linux_gtk_x86_64/configuration/org.eclipse.osgi/169/data/-1356862423/plugins/pack.core.linux_3.6.0.201910290238/HookyQR.beautify-1.4.11/extension
[2019-12-08 20:40:48.699] [exthost] [info] ExtensionService#_doActivateExtension christian-kohler.path-intellisense {"startup":true,"activationEvent":"*"}
[2019-12-08 20:40:48.699] [exthost] [info] ExtensionService#loadCommonJSModule /u/animesh9/.eclipse/org.eclipse.platform_4.12.0_307433395_linux_gtk_x86_64/configuration/org.eclipse.osgi/169/data/-1356862423/plugins/pack.core.linux_3.6.0.201910290238/christian-kohler.path-intellisense-1.4.2/out/src/extension
[2019-12-08 20:40:48.758] [exthost] [info] ExtensionService#_doActivateExtension dbaeumer.vscode-eslint {"startup":true,"activationEvent":"*"}
[2019-12-08 20:40:48.758] [exthost] [info] ExtensionService#loadCommonJSModule /u/animesh9/.eclipse/org.eclipse.platform_4.12.0_307433395_linux_gtk_x86_64/configuration/org.eclipse.osgi/169/data/-1356862423/plugins/pack.core.linux_3.6.0.201910290238/dbaeumer.vscode-eslint-1.9.0/client/out/extension
[2019-12-08 20:40:48.809] [exthost] [info] ExtensionService#_doActivateExtension vscode.debug-auto-launch {"startup":true,"activationEvent":"*"}
[2019-12-08 20:40:48.809] [exthost] [info] ExtensionService#loadCommonJSModule /u/animesh9/.eclipse/org.eclipse.platform_4.12.0_307433395_linux_gtk_x86_64/configuration/org.eclipse.osgi/169/data/-1356862423/plugins/com.genuitec.eclipse.code.engine.app.linux.x86_64_3.6.0.201910290238/engine/resources/app/extensions/debug-auto-launch/dist/extension
[2019-12-08 20:40:48.818] [exthost] [info] ExtensionService#_doActivateExtension vscode.emmet {"startup":true,"activationEvent":"*"}
[2019-12-08 20:40:48.818] [exthost] [info] ExtensionService#loadCommonJSModule /u/animesh9/.eclipse/org.eclipse.platform_4.12.0_307433395_linux_gtk_x86_64/configuration/org.eclipse.osgi/169/data/-1356862423/plugins/com.genuitec.eclipse.code.engine.app.linux.x86_64_3.6.0.201910290238/engine/resources/app/extensions/emmet/dist/extension
[2019-12-08 20:40:48.839] [exthost] [info] ExtensionService#_doActivateExtension formulahendry.auto-close-tag {"startup":true,"activationEvent":"*"}
[2019-12-08 20:40:48.839] [exthost] [info] ExtensionService#loadCommonJSModule /u/animesh9/.eclipse/org.eclipse.platform_4.12.0_307433395_linux_gtk_x86_64/configuration/org.eclipse.osgi/169/data/-1356862423/plugins/pack.core.linux_3.6.0.201910290238/formulahendry.auto-close-tag-0.5.6/out/src/extension
[2019-12-08 20:40:48.845] [exthost] [info] ExtensionService#_doActivateExtension vscode.grunt {"startup":false,"activationEvent":"onCommand:workbench.action.tasks.runTask"}
[2019-12-08 20:40:48.845] [exthost] [info] ExtensionService#loadCommonJSModule /u/animesh9/.eclipse/org.eclipse.platform_4.12.0_307433395_linux_gtk_x86_64/configuration/org.eclipse.osgi/169/data/-1356862423/plugins/com.genuitec.eclipse.code.engine.app.linux.x86_64_3.6.0.201910290238/engine/resources/app/extensions/grunt/dist/main
[2019-12-08 20:40:48.872] [exthost] [info] ExtensionService#_doActivateExtension vscode.gulp {"startup":false,"activationEvent":"onCommand:workbench.action.tasks.runTask"}
[2019-12-08 20:40:48.872] [exthost] [info] ExtensionService#loadCommonJSModule /u/animesh9/.eclipse/org.eclipse.platform_4.12.0_307433395_linux_gtk_x86_64/configuration/org.eclipse.osgi/169/data/-1356862423/plugins/com.genuitec.eclipse.code.engine.app.linux.x86_64_3.6.0.201910290238/engine/resources/app/extensions/gulp/dist/main
[2019-12-08 20:40:48.883] [exthost] [info] ExtensionService#_doActivateExtension vscode.jake {"startup":false,"activationEvent":"onCommand:workbench.action.tasks.runTask"}
[2019-12-08 20:40:48.883] [exthost] [info] ExtensionService#loadCommonJSModule /u/animesh9/.eclipse/org.eclipse.platform_4.12.0_307433395_linux_gtk_x86_64/configuration/org.eclipse.osgi/169/data/-1356862423/plugins/com.genuitec.eclipse.code.engine.app.linux.x86_64_3.6.0.201910290238/engine/resources/app/extensions/jake/dist/main
[2019-12-08 20:40:48.892] [exthost] [info] ExtensionService#_doActivateExtension vscode.npm {"startup":false,"activationEvent":"onCommand:workbench.action.tasks.runTask"}
[2019-12-08 20:40:48.892] [exthost] [info] ExtensionService#loadCommonJSModule /u/animesh9/.eclipse/org.eclipse.platform_4.12.0_307433395_linux_gtk_x86_64/configuration/org.eclipse.osgi/169/data/-1356862423/plugins/com.genuitec.eclipse.code.engine.app.linux.x86_64_3.6.0.201910290238/engine/resources/app/extensions/npm/dist/main
[2019-12-08 20:40:48.936] [exthost] [info] ExtensionService#_doActivateExtension vscode.typescript-language-features {"startup":false,"activationEvent":"onCommand:workbench.action.tasks.runTask"}
[2019-12-08 20:40:48.936] [exthost] [info] ExtensionService#loadCommonJSModule /u/animesh9/.eclipse/org.eclipse.platform_4.12.0_307433395_linux_gtk_x86_64/configuration/org.eclipse.osgi/169/data/-1356862423/plugins/com.genuitec.eclipse.code.engine.app.linux.x86_64_3.6.0.201910290238/engine/resources/app/extensions/typescript-language-features/dist/extension
[2019-12-08 20:40:49.042] [exthost] [info] eager extensions activated
